<?xml version="1.0" encoding="UTF-8"?>
<!-- Generated by org.testng.reporters.JUnitReportReporter -->
<testsuite hostname="DESKTOP-NETU9LA" name="com.test.Test1" tests="11" failures="0" timestamp="25 May 2023 14:52:54 GMT" time="49.593" errors="0">
  <testcase name="fillform" time="4.492" classname="com.test.Test1"/>
  <testcase name="fillform" time="4.489" classname="com.test.Test1"/>
  <testcase name="fillform" time="4.470" classname="com.test.Test1"/>
  <testcase name="fillform" time="4.505" classname="com.test.Test1"/>
  <testcase name="fillform" time="4.490" classname="com.test.Test1"/>
  <testcase name="fillform" time="4.491" classname="com.test.Test1"/>
  <testcase name="fillform" time="4.480" classname="com.test.Test1"/>
  <testcase name="fillform" time="4.552" classname="com.test.Test1"/>
  <testcase name="fillform" time="4.549" classname="com.test.Test1"/>
  <testcase name="fillform" time="4.568" classname="com.test.Test1"/>
  <testcase name="fillform" time="4.507" classname="com.test.Test1"/>
</testsuite> <!-- com.test.Test1 -->
